<?xml version="1.0" encoding="utf-8"?><testsuites name="pytest tests"><testsuite name="pytest" errors="0" failures="0" skipped="0" tests="20" time="4.065" timestamp="2026-06-27T03:21:49.617385+00:00" hostname="agent-env-d60c6825-261c-4a47-a37b-31b93e5635d8"><testcase classname="tests.test_limitless_api.TestHealth" name="test_root" time="0.268" /><testcase classname="tests.test_limitless_api.TestAuth" name="test_signup_returns_token_and_user" time="0.296" /><testcase classname="tests.test_limitless_api.TestAuth" name="test_signup_duplicate_email" time="0.070" /><testcase classname="tests.test_limitless_api.TestAuth" name="test_login_success" time="0.294" /><testcase classname="tests.test_limitless_api.TestAuth" name="test_login_wrong_password" time="0.290" /><testcase classname="tests.test_limitless_api.TestAuth" name="test_login_unknown_email" time="0.071" /><testcase classname="tests.test_limitless_api.TestAuth" name="test_me_with_token" time="0.070" /><testcase classname="tests.test_limitless_api.TestAuth" name="test_me_without_token" time="0.069" /><testcase classname="tests.test_limitless_api.TestAuth" name="test_me_invalid_token" time="0.070" /><testcase classname="tests.test_limitless_api.TestCatalog" name="test_categories" time="0.071" /><testcase classname="tests.test_limitless_api.TestCatalog" name="test_plans_list" time="0.072" /><testcase classname="tests.test_limitless_api.TestCatalog" name="test_plan_beginner_full_has_exercises" time="0.030" /><testcase classname="tests.test_limitless_api.TestCatalog" name="test_plan_not_found" time="0.069" /><testcase classname="tests.test_limitless_api.TestCatalog" name="test_abs_exercises" time="0.029" /><testcase classname="tests.test_limitless_api.TestWorkouts" name="test_log_workout_requires_auth" time="0.069" /><testcase classname="tests.test_limitless_api.TestWorkouts" name="test_log_workout_and_streak" time="0.072" /><testcase classname="tests.test_limitless_api.TestWorkouts" name="test_history" time="0.071" /><testcase classname="tests.test_limitless_api.TestWorkouts" name="test_stats" time="0.071" /><testcase classname="tests.test_limitless_api.TestStripe" name="test_create_payment_sheet_requires_auth" time="0.069" /><testcase classname="tests.test_limitless_api.TestStripe" name="test_create_payment_sheet" time="1.854" /></testsuite></testsuites>