<?xml version="1.0" encoding="utf-8"?><testsuites name="pytest tests"><testsuite name="pytest" errors="0" failures="2" skipped="0" tests="20" time="2.482" timestamp="2026-06-27T02:48:47.372439+00:00" hostname="agent-env-d60c6825-261c-4a47-a37b-31b93e5635d8"><testcase classname="tests.test_limitless_api.TestHealth" name="test_root" time="0.364"><failure message="assert 404 == 200&#10; +  where 404 = &lt;Response [404]&gt;.status_code">tests/test_limitless_api.py:41: in test_root
    assert r.status_code == 200
E   assert 404 == 200
E    +  where 404 = &lt;Response [404]&gt;.status_code</failure></testcase><testcase classname="tests.test_limitless_api.TestAuth" name="test_signup_returns_token_and_user" time="0.256" /><testcase classname="tests.test_limitless_api.TestAuth" name="test_signup_duplicate_email" time="0.070" /><testcase classname="tests.test_limitless_api.TestAuth" name="test_login_success" time="0.293" /><testcase classname="tests.test_limitless_api.TestAuth" name="test_login_wrong_password" time="0.290" /><testcase classname="tests.test_limitless_api.TestAuth" name="test_login_unknown_email" time="0.070" /><testcase classname="tests.test_limitless_api.TestAuth" name="test_me_with_token" time="0.070" /><testcase classname="tests.test_limitless_api.TestAuth" name="test_me_without_token" time="0.070" /><testcase classname="tests.test_limitless_api.TestAuth" name="test_me_invalid_token" time="0.070" /><testcase classname="tests.test_limitless_api.TestCatalog" name="test_categories" time="0.072" /><testcase classname="tests.test_limitless_api.TestCatalog" name="test_plans_list" time="0.069" /><testcase classname="tests.test_limitless_api.TestCatalog" name="test_plan_beginner_full_has_exercises" time="0.031" /><testcase classname="tests.test_limitless_api.TestCatalog" name="test_plan_not_found" time="0.071" /><testcase classname="tests.test_limitless_api.TestCatalog" name="test_abs_exercises" time="0.031" /><testcase classname="tests.test_limitless_api.TestWorkouts" name="test_log_workout_requires_auth" time="0.070" /><testcase classname="tests.test_limitless_api.TestWorkouts" name="test_log_workout_and_streak" time="0.071" /><testcase classname="tests.test_limitless_api.TestWorkouts" name="test_history" time="0.072" /><testcase classname="tests.test_limitless_api.TestWorkouts" name="test_stats" time="0.070" /><testcase classname="tests.test_limitless_api.TestStripe" name="test_create_payment_sheet_requires_auth" time="0.068" /><testcase classname="tests.test_limitless_api.TestStripe" name="test_create_payment_sheet" time="0.203"><failure message="Failed: Stripe payment sheet failed: 500 Internal Server Error">tests/test_limitless_api.py:182: in test_create_payment_sheet
    pytest.fail(f"Stripe payment sheet failed: {r.status_code} {r.text}")
E   Failed: Stripe payment sheet failed: 500 Internal Server Error</failure></testcase></testsuite></testsuites>